db connection established
http basic auth enabled
e3s controller initialized
desk controller initialized
story controller initialized
vote controller initialized
user controller initialized
listening on :3334
provided credentials for: alexey_zadorozhny@epam.com
checking auth cache for key: 28061ab5e9368cc5c89f90a0bf9d4f6b
nothing in auth cache, going to e3s to authenticate
authentication ok for: alexey_zadorozhny@epam.com
deleting password before storing the object
user object with no password: {"name":"alexey_zadorozhny@epam.com"}
caching key: 28061ab5e9368cc5c89f90a0bf9d4f6b, user: {"name":"alexey_zadorozhny@epam.com","profile":{"dummy":true}}
querying all desks
query is {"deskName":{"$regex":"^T","$options":"i"}}
final query: {"$and":[{"participant.email":"alexey_zadorozhny@epam.com"},{"deskName":{"$regex":"^T","$options":"i"}}]}
found: [{"_id":"5411ead257294242188fe8aa","project":"UBS-WMA","owner":"alexey_zadorozhny@epam.com","deck":"2","deskName":"Test 1","__v":0,"guest":[],"participant":[{"email":"oleg_khomutov@epam.com","name":"Oleg Khomutov","_id":"5411ead257294242188fe8ac"},{"email":"alexey_zadorozhny@epam.com","name":"Alexey Zadorozhny","_id":"5411ead257294242188fe8ab"}]},{"_id":"5411eb0357294242188fe8af","project":"UBS-WMA","owner":"alexey_zadorozhny@epam.com","deck":"1","deskName":"test 2","__v":0,"guest":[],"participant":[{"email":"alexey_zadorozhny@epam.com","name":"Alexey Zadorozhny","_id":"5411eb0357294242188fe8b0"}]}]
user access logged: { email: 'alexey_zadorozhny@epam.com',
  lastAccessTime: '2014-09-13T19:46:53.633Z',
  _id: 541493757addf4e504a7afc3,
  __v: 0 }
